C:\Users\Daniel> ls 
C:\Users\Daniel> ls 
C:\Users\Daniel> ls 
C:\Users\Daniel> dir 
C:\Users\Daniel> ls 
C:\Users\Daniel> title test 
C:\Users\Daniel> title test 
C:\Users\Daniel> title test 
C:\Users\Daniel> title test 
C:\Users\Daniel> set title=hej 
C:\Users\Daniel> set log=off 
C:\Users\Daniel> dette er noget pis 
C:\Users\Daniel> ls 
C:\Users\Daniel> sandbox 1 
C:\Users\Daniel> cls 
C:\Users\Daniel> ls 
C:\Users\Daniel> det logs=off 
C:\Users\Daniel> ls 
C:\Users\Daniel> logs? 
C:\Users\Daniel> logs 
C:\Users\Daniel> make logs 
C:\Users\Daniel> logs 
C:\Users\Daniel> edit Logs 
C:\Users\Daniel> logs 
C:\Users\Daniel> set 
C:\Users\Daniel> edit logs 
C:\Users\Daniel> edit Logs 
C:\Users\Daniel> log 
C:\Users\Daniel> edit log 
C:\Users\Daniel> log 
C:\Users\Daniel> hi 
